1578816644386	mozrunner::runner	INFO	Running command: "C:\\Program Files\\Mozilla Firefox\\firefox.exe" "-marionette" "-foreground" "-no-remote" "-profile" "C:\\Users\\TEKKEN~1\\AppData\\Local\\Temp\\rust_mozprofilebxMVo2"
1578816645557	addons.webextension.doh-rollout@mozilla.org	WARN	Loading extension 'doh-rollout@mozilla.org': Reading manifest: Invalid extension permission: networkStatus
1578816645912	addons.webextension.screenshots@mozilla.org	WARN	Loading extension 'screenshots@mozilla.org': Reading manifest: Invalid extension permission: mozillaAddons
1578816645912	addons.webextension.screenshots@mozilla.org	WARN	Loading extension 'screenshots@mozilla.org': Reading manifest: Invalid extension permission: telemetry
1578816645912	addons.webextension.screenshots@mozilla.org	WARN	Loading extension 'screenshots@mozilla.org': Reading manifest: Invalid extension permission: resource://pdf.js/
1578816645913	addons.webextension.screenshots@mozilla.org	WARN	Loading extension 'screenshots@mozilla.org': Reading manifest: Invalid extension permission: about:reader*
JavaScript error: resource://gre/modules/XULStore.jsm, line 66: Error: Can't find profile directory.
1578816653024	Marionette	INFO	Listening on port 61348
1578816653171	Marionette	WARN	TLS certificate errors will be ignored for this session
1578817767842	Marionette	INFO	Stopped listening on port 61348

###!!! [Child][RunMessage] Error: Channel closing: too late to send/recv, messages will be lost


###!!! [Child][MessageChannel::SendAndWait] Error: Channel error: cannot send/recv

A content process crashed and MOZ_CRASHREPORTER_SHUTDOWN is set, shutting down
A content process crashed and MOZ_CRASHREPORTER_SHUTDOWN is set, shutting down
A content process crashed and MOZ_CRASHREPORTER_SHUTDOWN is set, shutting down
lla.org': Reading manifest: Invalid extension permission: mozillaAddons
1578816749817	addons.webextension.screenshots@mozilla.org	WARN	Loading extension 'screenshots@mozilla.org': Reading manifest: Invalid extension permission: telemetry
1578816749818	addons.webextension.screenshots@mozilla.org	WARN	Loading extension 'screenshots@mozilla.org': Reading manifest: Invalid extension permission: resource://pdf.js/
1578816749818	addons.webextension.screenshots@mozilla.org	WARN	Loading extension 'screenshots@mozilla.org': Reading manifest: Invalid extension permission: about:reader*
JavaScript error: resource://gre/modules/XULStore.jsm, line 66: Error: Can't find profile directory.
1578816757509	Marionette	INFO	Listening on port 61425
1578816758068	Marionette	WARN	TLS certificate errors will be ignored for this session
1578816792264	Marionette	INFO	Stopped listening on port 61425

###!!! [Child][RunMessage] Error: Channel closing: too late to send/recv, messages will be lost


###!!! [Child][MessageChannel::SendAndWait] Error: Channel error: cannot send/recv

1578816817203	mozrunner::runner	INFO	Running command: "C:\\Program Files\\Mozilla Firefox\\firefox.exe" "-marionette" "-foreground" "-no-remote" "-profile" "C:\\Users\\TEKKEN~1\\AppData\\Local\\Temp\\rust_mozprofileXF721V"
1578816819273	addons.webextension.doh-rollout@mozilla.org	WARN	Loading extension 'doh-rollout@mozilla.org': Reading manifest: Invalid extension permission: networkStatus
1578816819652	addons.webextension.screenshots@mozilla.org	WARN	Loading extension 'screenshots@mozilla.org': Reading manifest: Invalid extension permission: mozillaAddons
1578816819652	addons.webextension.screenshots@mozilla.org	WARN	Loading extension 'screenshots@mozilla.org': Reading manifest: Invalid extension permission: telemetry
1578816819653	addons.webextension.screenshots@mozilla.org	WARN	Loading extension 'screenshots@mozilla.org': Reading manifest: Invalid extension permission: resource://pdf.js/
1578816819653	addons.webextension.screenshots@mozilla.org	WARN	Loading extension 'screenshots@mozilla.org': Reading manifest: Invalid extension permission: about:reader*
JavaScript error: resource://gre/modules/XULStore.jsm, line 66: Error: Can't find profile directory.
1578816827227	Marionette	INFO	Listening on port 61490
1578816827469	Marionette	WARN	TLS certificate errors will be ignored for this session

###!!! [Child][RunMessage] Error: Channel closing: too late to send/recv, messages will be lost

1578816881271	Marionette	INFO	Stopped listening on port 61490

###!!! [Child][RunMessage] Error: Channel closing: too late to send/recv, messages will be lost


###!!! [Child][MessageChannel::SendAndWait] Error: Channel error: cannot send/recv

1578817771843	mozrunner::runner	INFO	Running command: "C:\\Program Files\\Mozilla Firefox\\firefox.exe" "-marionette" "-foreground" "-no-remote" "-profile" "C:\\Users\\TEKKEN~1\\AppData\\Local\\Temp\\rust_mozprofileAbboLe"
1578817774231	addons.webextension.doh-rollout@mozilla.org	WARN	Loading extension 'doh-rollout@mozilla.org': Reading manifest: Invalid extension permission: networkStatus
1578817774635	addons.webextension.screenshots@mozilla.org	WARN	Loading extension 'screenshots@mozilla.org': Reading manifest: Invalid extension permission: mozillaAddons
1578817774635	addons.webextension.screenshots@mozilla.org	WARN	Loading extension 'screenshots@mozilla.org': Reading manifest: Invalid extension permission: telemetry
1578817774636	addons.webextension.screenshots@mozilla.org	WARN	Loading extension 'screenshots@mozilla.org': Reading manifest: Invalid extension permission: resource://pdf.js/
1578817774636	addons.webextension.screenshots@mozilla.org	WARN	Loading extension 'screenshots@mozilla.org': Reading manifest: Invalid extension permission: about:reader*
JavaScript error: resource://gre/modules/XULStore.jsm, line 66: Error: Can't find profile directory.
1578817782008	Marionette	INFO	Listening on port 61779
1578817782225	Marionette	WARN	TLS certificate errors will be ignored for this session
1578817843572	Marionette	INFO	Stopped listening on port 61779

###!!! [Child][RunMessage] Error: Channel closing: too late to send/recv, messages will be lost


###!!! [Child][MessageChannel::SendAndWait] Error: Channel error: cannot send/recv

1578817850579	mozrunner::runner	INFO	Running command: "C:\\Program Files\\Mozilla Firefox\\firefox.exe" "-marionette" "-foreground" "-no-remote" "-profile" "C:\\Users\\TEKKEN~1\\AppData\\Local\\Temp\\rust_mozprofile7Ozhkp"
1578817851638	addons.webextension.doh-rollout@mozilla.org	WARN	Loading extension 'doh-rollout@mozilla.org': Reading manifest: Invalid extension permission: networkStatus
1578817852005	addons.webextension.screenshots@mozilla.org	WARN	Loading extension 'screenshots@mozilla.org': Reading manifest: Invalid extension permission: mozillaAddons
1578817852005	addons.webextension.screenshots@mozilla.org	WARN	Loading extension 'screenshots@mozilla.org': Reading manifest: Invalid extension permission: telemetry
1578817852006	addons.webextension.screenshots@mozilla.org	WARN	Loading extension 'screenshots@mozilla.org': Reading manifest: Invalid extension permission: resource://pdf.js/
1578817852006	addons.webextension.screenshots@mozilla.org	WARN	Loading extension 'screenshots@mozilla.org': Reading manifest: Invalid extension permission: about:reader*
JavaScript error: resource://gre/modules/XULStore.jsm, line 66: Error: Can't find profile directory.
1578817859099	Marionette	INFO	Listening on port 61859
1578817859237	Marionette	WARN	TLS certificate errors will be ignored for this session
1578817908199	Marionette	INFO	Stopped listening on port 61859

###!!! [Child][RunMessage] Error: Channel closing: too late to send/recv, messages will be lost


###!!! [Child][MessageChannel::SendAndWait] Error: Channel error: cannot send/recv

1578817914621	mozrunner::runner	INFO	Running command: "C:\\Program Files\\Mozilla Firefox\\firefox.exe" "-marionette" "-foreground" "-no-remote" "-profile" "C:\\Users\\TEKKEN~1\\AppData\\Local\\Temp\\rust_mozprofileQF2Tsy"
1578817916527	addons.webextension.doh-rollout@mozilla.org	WARN	Loading extension 'doh-rollout@mozilla.org': Reading manifest: Invalid extension permission: networkStatus
1578817917158	addons.webextension.screenshots@mozilla.org	WARN	Loading extension 'screenshots@mozilla.org': Reading manifest: Invalid extension permission: mozillaAddons
1578817917158	addons.webextension.screenshots@mozilla.org	WARN	Loading extension 'screenshots@mozilla.org': Reading manifest: Invalid extension permission: telemetry
1578817917159	addons.webextension.screenshots@mozilla.org	WARN	Loading extension 'screenshots@mozilla.org': Reading manifest: Invalid extension permission: resource://pdf.js/
1578817917159	addons.webextension.screenshots@mozilla.org	WARN	Loading extension 'screenshots@mozilla.org': Reading manifest: Invalid extension permission: about:reader*
JavaScript error: resource://gre/modules/XULStore.jsm, line 66: Error: Can't find profile directory.
[1578817927327	Marionette	INFO	Listening on port 61931
1578817928945	Marionette	WARN	TLS certificate errors will be ignored for this session
console.warn: LoginRecipes: "getRecipes: falling back to a synchronous message for:" "https://twitter.com"
console.warn: LoginRecipes: "getRecipes: falling back to a synchronous message for:" "https://twitter.com"
console.warn: LoginRecipes: "getRecipes: falling back to a synchronous message for:" "https://twitter.com"
1578818124495	Marionette	INFO	Stopped listening on port 61931

###!!! [Child][RunMessage] Error: Channel closing: too late to send/recv, messages will be lost


###!!! [Child][MessageChannel::SendAndWait] Error: Channel error: cannot send/recv

1578818131717	mozrunner::runner	INFO	Running command: "C:\\Program Files\\Mozilla Firefox\\firefox.exe" "-marionette" "-foreground" "-no-remote" "-profile" "C:\\Users\\TEKKEN~1\\AppData\\Local\\Temp\\rust_mozprofile1f0HnG"
1578818134330	addons.webextension.doh-rollout@mozilla.org	WARN	Loading extension 'doh-rollout@mozilla.org': Reading manifest: Invalid extension permission: networkStatus
1578818134788	addons.webextension.screenshots@mozilla.org	WARN	Loading extension 'screenshots@mozilla.org': Reading manifest: Invalid extension permission: mozillaAddons
1578818134789	addons.webextension.screenshots@mozilla.org	WARN	Loading extension 'screenshots@mozilla.org': Reading manifest: Invalid extension permission: telemetry
1578818134789	addons.webextension.screenshots@mozilla.org	WARN	Loading extension 'screenshots@mozilla.org': Reading manifest: Invalid extension permission: resource://pdf.js/
1578818134789	addons.webextension.screenshots@mozilla.org	WARN	Loading extension 'screenshots@mozilla.org': Reading manifest: Invalid extension permission: about:reader*
JavaScript error: resource://gre/modules/XULStore.jsm, line 66: Error: Can't find profile directory.
1578818144630	Marionette	INFO	Listening on port 62032
1578818144801	Marionette	WARN	TLS certificate errors will be ignored for this session
1578818249364	Marionette	INFO	Stopped listening on port 62032

###!!! [Child][RunMessage] Error: Channel closing: too late to send/recv, messages will be lost


###!!! [Child][MessageChannel::SendAndWait] Error: Channel error: cannot send/recv

1578818271819	mozrunner::runner	INFO	Running command: "C:\\Program Files\\Mozilla Firefox\\firefox.exe" "-marionette" "-foreground" "-no-remote" "-profile" "C:\\Users\\TEKKEN~1\\AppData\\Local\\Temp\\rust_mozprofileld4QCB"
1578818273149	addons.webextension.doh-rollout@mozilla.org	WARN	Loading extension 'doh-rollout@mozilla.org': Reading manifest: Invalid extension permission: networkStatus
1578818273584	addons.webextension.screenshots@mozilla.org	WARN	Loading extension 'screenshots@mozilla.org': Reading manifest: Invalid extension permission: mozillaAddons
1578818273584	addons.webextension.screenshots@mozilla.org	WARN	Loading extension 'screenshots@mozilla.org': Reading manifest: Invalid extension permission: telemetry
1578818273585	addons.webextension.screenshots@mozilla.org	WARN	Loading extension 'screenshots@mozilla.org': Reading manifest: Invalid extension permission: resource://pdf.js/
1578818273585	addons.webextension.screenshots@mozilla.org	WARN	Loading extension 'screenshots@mozilla.org': Reading manifest: Invalid extension permission: about:reader*
JavaScript error: resource://gre/modules/XULStore.jsm, line 66: Error: Can't find profile directory.
1578818283831	Marionette	INFO	Listening on port 62109
1578818287809	Marionette	WARN	TLS certificate errors will be ignored for this session
console.warn: LoginRecipes: "getRecipes: falling back to a synchronous message for:" "https://twitter.com"
A content process crashed and MOZ_CRASHREPORTER_SHUTDOWN is set, shutting down
1578818613486	Marionette	INFO	Stopped listening on port 62109

###!!! [Child][RunMessage] Error: Channel closing: too late to send/recv, messages will be lost


###!!! [Child][MessageChannel::SendAndWait] Error: Channel error: cannot send/recv

eading manifest: Invalid extension permission: networkStatus
1578818511265	addons.webextension.screenshots@mozilla.org	WARN	Loading extension 'screenshots@mozilla.org': Reading manifest: Invalid extension permission: mozillaAddons
1578818511266	addons.webextension.screenshots@mozilla.org	WARN	Loading extension 'screenshots@mozilla.org': Reading manifest: Invalid extension permission: telemetry
1578818511266	addons.webextension.screenshots@mozilla.org	WARN	Loading extension 'screenshots@mozilla.org': Reading manifest: Invalid extension permission: resource://pdf.js/
1578818511266	addons.webextension.screenshots@mozilla.org	WARN	Loading extension 'screenshots@mozilla.org': Reading manifest: Invalid extension permission: about:reader*
JavaScript error: resource://gre/modules/XULStore.jsm, line 66: Error: Can't find profile directory.
1578818524260	Marionette	INFO	Listening on port 62230
1578818524566	Marionette	WARN	TLS certificate errors will be ignored for this session
1578818607728	Marionette	INFO	Stopped listening on port 62230

###!!! [Child][MessageChannel::SendAndWait] Error: Channel error: cannot send/recv

ile" "C:\\Users\\TEKKEN~1\\AppData\\Local\\Temp\\rust_mozprofile6wqYLj"
1578818596251	addons.webextension.doh-rollout@mozilla.org	WARN	Loading extension 'doh-rollout@mozilla.org': Reading manifest: Invalid extension permission: networkStatus
1578818596858	addons.webextension.screenshots@mozilla.org	WARN	Loading extension 'screenshots@mozilla.org': Reading manifest: Invalid extension permission: mozillaAddons
1578818596858	addons.webextension.screenshots@mozilla.org	WARN	Loading extension 'screenshots@mozilla.org': Reading manifest: Invalid extension permission: telemetry
1578818596859	addons.webextension.screenshots@mozilla.org	WARN	Loading extension 'screenshots@mozilla.org': Reading manifest: Invalid extension permission: resource://pdf.js/
1578818596860	addons.webextension.screenshots@mozilla.org	WARN	Loading extension 'screenshots@mozilla.org': Reading manifest: Invalid extension permission: about:reader*
JavaScript error: resource://gre/modules/XULStore.jsm, line 66: Error: Can't find profile directory.
1578818610706	Marionette	INFO	Listening on port 62312
1578818611174	Marionette	WARN	TLS certificate errors will be ignored for this session
console.warn: LoginRecipes: "getRecipes: falling back to a synchronous message for:" "https://twitter.com"

###!!! [Child][RunMessage] Error: Channel closing: too late to send/recv, messages will be lost

1578818906337	Marionette	INFO	Stopped listening on port 62312

###!!! [Child][RunMessage] Error: Channel closing: too late to send/recv, messages will be lost


###!!! [Child][MessageChannel::SendAndWait] Error: Channel error: cannot send/recv

lid extension permission: networkStatus
1578818826273	addons.webextension.screenshots@mozilla.org	WARN	Loading extension 'screenshots@mozilla.org': Reading manifest: Invalid extension permission: mozillaAddons
1578818826274	addons.webextension.screenshots@mozilla.org	WARN	Loading extension 'screenshots@mozilla.org': Reading manifest: Invalid extension permission: telemetry
1578818826274	addons.webextension.screenshots@mozilla.org	WARN	Loading extension 'screenshots@mozilla.org': Reading manifest: Invalid extension permission: resource://pdf.js/
1578818826274	addons.webextension.screenshots@mozilla.org	WARN	Loading extension 'screenshots@mozilla.org': Reading manifest: Invalid extension permission: about:reader*
JavaScript error: resource://gre/modules/XULStore.jsm, line 66: Error: Can't find profile directory.
1578818833431	Marionette	INFO	Listening on port 62416
1578818834008	Marionette	WARN	TLS certificate errors will be ignored for this session
1578818901085	Marionette	INFO	Stopped listening on port 62416

###!!! [Child][MessageChannel::SendAndWait] Error: Channel error: cannot send/recv

1578819330256	mozrunner::runner	INFO	Running command: "C:\\Program Files\\Mozilla Firefox\\firefox.exe" "-marionette" "-foreground" "-no-remote" "-profile" "C:\\Users\\TEKKEN~1\\AppData\\Local\\Temp\\rust_mozprofilevrds10"
1578819331399	addons.webextension.doh-rollout@mozilla.org	WARN	Loading extension 'doh-rollout@mozilla.org': Reading manifest: Invalid extension permission: networkStatus
1578819331781	addons.webextension.screenshots@mozilla.org	WARN	Loading extension 'screenshots@mozilla.org': Reading manifest: Invalid extension permission: mozillaAddons
1578819331781	addons.webextension.screenshots@mozilla.org	WARN	Loading extension 'screenshots@mozilla.org': Reading manifest: Invalid extension permission: telemetry
1578819331783	addons.webextension.screenshots@mozilla.org	WARN	Loading extension 'screenshots@mozilla.org': Reading manifest: Invalid extension permission: resource://pdf.js/
1578819331784	addons.webextension.screenshots@mozilla.org	WARN	Loading extension 'screenshots@mozilla.org': Reading manifest: Invalid extension permission: about:reader*
JavaScript error: resource://gre/modules/XULStore.jsm, line 66: Error: Can't find profile directory.
1578819341990	Marionette	INFO	Listening on port 62536
1578819348069	Marionette	WARN	TLS certificate errors will be ignored for this session
JavaScript error: , line 0: uncaught exception: null
1578819650885	Marionette	INFO	Stopped listening on port 62536

###!!! [Child][RunMessage] Error: Channel closing: too late to send/recv, messages will be lost


###!!! [Child][MessageChannel::SendAndWait] Error: Channel error: cannot send/recv

oh-rollout@mozilla.org': Reading manifest: Invalid extension permission: networkStatus
1578819434659	addons.webextension.screenshots@mozilla.org	WARN	Loading extension 'screenshots@mozilla.org': Reading manifest: Invalid extension permission: mozillaAddons
1578819434659	addons.webextension.screenshots@mozilla.org	WARN	Loading extension 'screenshots@mozilla.org': Reading manifest: Invalid extension permission: telemetry
1578819434659	addons.webextension.screenshots@mozilla.org	WARN	Loading extension 'screenshots@mozilla.org': Reading manifest: Invalid extension permission: resource://pdf.js/
1578819434660	addons.webextension.screenshots@mozilla.org	WARN	Loading extension 'screenshots@mozilla.org': Reading manifest: Invalid extension permission: about:reader*
JavaScript error: resource://gre/modules/XULStore.jsm, line 66: Error: Can't find profile directory.
1578819442581	Marionette	INFO	Listening on port 62647
1578819443129	Marionette	WARN	TLS certificate errors will be ignored for this session
console.error: "Could not write session state file " (new Error("", "(unknown module)")) ""
JavaScript error: , line 0: AbortError: A request was aborted, for example through a call to IDBTransaction.abort.
JavaScript error: , line 0: uncaught exception: null
1578819646201	Marionette	INFO	Stopped listening on port 62647

###!!! [Child][RunMessage] Error: Channel closing: too late to send/recv, messages will be lost


###!!! [Child][MessageChannel::SendAndWait] Error: Channel error: cannot send/recv

1578847125962	mozrunner::runner	INFO	Running command: "C:\\Program Files\\Mozilla Firefox\\firefox.exe" "-marionette" "-foreground" "-no-remote" "-profile" "C:\\Users\\TEKKEN~1\\AppData\\Local\\Temp\\rust_mozprofile4glBHy"
1578847130251	addons.webextension.doh-rollout@mozilla.org	WARN	Loading extension 'doh-rollout@mozilla.org': Reading manifest: Invalid extension permission: networkStatus
1578847130634	addons.webextension.screenshots@mozilla.org	WARN	Loading extension 'screenshots@mozilla.org': Reading manifest: Invalid extension permission: mozillaAddons
1578847130634	addons.webextension.screenshots@mozilla.org	WARN	Loading extension 'screenshots@mozilla.org': Reading manifest: Invalid extension permission: telemetry
1578847130635	addons.webextension.screenshots@mozilla.org	WARN	Loading extension 'screenshots@mozilla.org': Reading manifest: Invalid extension permission: resource://pdf.js/
1578847130635	addons.webextension.screenshots@mozilla.org	WARN	Loading extension 'screenshots@mozilla.org': Reading manifest: Invalid extension permission: about:reader*
JavaScript error: resource://gre/modules/XULStore.jsm, line 66: Error: Can't find profile directory.
1578847143633	Marionette	INFO	Listening on port 63164
1578847143824	Marionette	WARN	TLS certificate errors will be ignored for this session
1578847675086	Marionette	INFO	Stopped listening on port 63164

###!!! [Child][RunMessage] Error: Channel closing: too late to send/recv, messages will be lost


###!!! [Child][MessageChannel::SendAndWait] Error: Channel error: cannot send/recv

sion.doh-rollout@mozilla.org	WARN	Loading extension 'doh-rollout@mozilla.org': Reading manifest: Invalid extension permission: networkStatus
1578847675589	addons.webextension.screenshots@mozilla.org	WARN	Loading extension 'screenshots@mozilla.org': Reading manifest: Invalid extension permission: mozillaAddons
1578847675589	addons.webextension.screenshots@mozilla.org	WARN	Loading extension 'screenshots@mozilla.org': Reading manifest: Invalid extension permission: telemetry
1578847675589	addons.webextension.screenshots@mozilla.org	WARN	Loading extension 'screenshots@mozilla.org': Reading manifest: Invalid extension permission: resource://pdf.js/
1578847675590	addons.webextension.screenshots@mozilla.org	WARN	Loading extension 'screenshots@mozilla.org': Reading manifest: Invalid extension permission: about:reader*
JavaScript error: , line 0: QuotaExceededError: The current transaction exceeded its quota limitations.
JavaScript error: resource://services-common/kinto-offline-client.js, line 603: Error: IndexedDB getLastModified() The current transaction exceeded its quota limitations.
JavaScript error: resource://gre/modules/XULStore.jsm, line 66: Error: Can't find profile directory.
JavaScript error: resource://services-common/kinto-offline-client.js, line 603: Error: IndexedDB getLastModified() The current transaction exceeded its quota limitations.
JavaScript error: , line 0: QuotaExceededError: The current transaction exceeded its quota limitations.
JavaScript error: resource://gre/modules/ExtensionUtils.jsm, line 0: Error: QuotaExceededError: storage.local API call exceeded its quota limitations.
JavaScript error: resource://gre/modules/PlacesUtils.jsm, line 1955: NS_ERROR_UNEXPECTED: Component returned failure code: 0x8000ffff (NS_ERROR_UNEXPECTED) [nsINavBookmarksService.tagsFolder]
JavaScript error: resource://gre/modules/PlacesUtils.jsm, line 1955: NS_ERROR_UNEXPECTED: Component returned failure code: 0x8000ffff (NS_ERROR_UNEXPECTED) [nsINavBookmarksService.tagsFolder]
1578847681974	Marionette	INFO	Listening on port 63316
console.error: PushService: 
  stateChangeProcessEnqueue: Error transitioning state
  QuotaExceededError
1578847682067	addons.xpi-utils	WARN	Failed to save XPI database: {"operation":"write","path":"C:\\Users\\TekkenKing789\\AppData\\Local\\Temp\\rust_mozprofileUhvIAf\\extensions.json","winLastError":112}
1578847682307	Marionette	WARN	TLS certificate errors will be ignored for this session
JavaScript error: resource://gre/modules/Sqlite.jsm, line 1080: NS_ERROR_FILE_ACCESS_DENIED: Could not open connection to C:\Users\TekkenKing789\AppData\Local\Temp\rust_mozprofileUhvIAf\content-prefs.sqlite: 2152857621
console.error: "Could not write session state file " (new Error("", "(unknown module)")) ""
JavaScript error: resource://gre/modules/Sqlite.jsm, line 889: Error: Error(s) encountered during statement execution: database or disk is full
console.error: "Could not write session state file " (new Error("", "(unknown module)")) ""
console.error: (new Error("IndexedDB list() The operation failed for reasons unrelated to the database itself and not covered by any other error code.", "resource://services-common/kinto-offline-client.js", 603))
JavaScript error: resource://gre/modules/NewTabUtils.jsm, line 1388: TypeError: conn is undefined
console.error: "Could not write session state file " (new Error("", "(unknown module)")) ""
console.error: "Could not write session state file " (new Error("", "(unknown module)")) ""
JavaScript error: , line 0: uncaught exception: Object
JavaScript error: resource://gre/modules/Sqlite.jsm, line 1080: NS_ERROR_FILE_ACCESS_DENIED: Could not open connection to C:\Users\TekkenKing789\AppData\Local\Temp\rust_mozprofileUhvIAf\content-prefs.sqlite: 2152857621
console.error: "Could not write session state file " (new Error("", "(unknown module)")) ""
JavaScript error: https://twitter.com/signup, line 148: Error: 
JavaScript error: https://twitter.com/signup, line 148: Error: 
JavaScript error: resource://gre/modules/NewTabUtils.jsm, line 1388: TypeError: conn is undefined
JavaScript error: resource://gre/modules/Sqlite.jsm, line 1080: NS_ERROR_FILE_ACCESS_DENIED: Could not open connection to C:\Users\TekkenKing789\AppData\Local\Temp\rust_mozprofileUhvIAf\content-prefs.sqlite: 2152857621
JavaScript error: resource://gre/modules/Sqlite.jsm, line 1080: NS_ERROR_FILE_ACCESS_DENIED: Could not open connection to C:\Users\TekkenKing789\AppData\Local\Temp\rust_mozprofileUhvIAf\content-prefs.sqlite: 2152857621
console.error: "Could not write session state file " (new Error("", "(unknown module)")) ""
JavaScript error: , line 0: uncaught exception: Object
JavaScript error: , line 0: uncaught exception: Object
JavaScript error: , line 0: uncaught exception: Object
JavaScript error: , line 0: uncaught exception: Object
JavaScript error: , line 0: uncaught exception: Object
JavaScript error: , line 0: uncaught exception: Object
JavaScript error: , line 0: uncaught exception: Object
JavaScript error: , line 0: uncaught exception: Object
JavaScript error: , line 0: uncaught exception: Object
JavaScript error: , line 0: uncaught exception: Object
JavaScript error: , line 0: uncaught exception: Object
JavaScript error: , line 0: uncaught exception: Object
JavaScript error: , line 0: uncaught exception: Object
JavaScript error: , line 0: uncaught exception: Object
JavaScript error: , line 0: uncaught exception: Object
JavaScript error: , line 0: uncaught exception: Object
JavaScript error: , line 0: uncaught exception: Object
JavaScript error: , line 0: uncaught exception: Object
JavaScript error: , line 0: uncaught exception: Object
JavaScript error: , line 0: uncaught exception: Object
JavaScript error: , line 0: uncaught exception: Object
JavaScript error: , line 0: uncaught exception: Object
JavaScript error: resource://gre/modules/Sqlite.jsm, line 1080: NS_ERROR_FILE_ACCESS_DENIED: Could not open connection to C:\Users\TekkenKing789\AppData\Local\Temp\rust_mozprofileUhvIAf\content-prefs.sqlite: 2152857621
JavaScript error: resource://gre/modules/Sqlite.jsm, line 1080: NS_ERROR_FILE_ACCESS_DENIED: Could not open connection to C:\Users\TekkenKing789\AppData\Local\Temp\rust_mozprofileUhvIAf\content-prefs.sqlite: 2152857621
console.error: "Could not write session state file " (new Error("", "(unknown module)")) ""
JavaScript error: resource://gre/modules/Sqlite.jsm, line 1080: NS_ERROR_FILE_ACCESS_DENIED: Could not open connection to C:\Users\TekkenKing789\AppData\Local\Temp\rust_mozprofileUhvIAf\content-prefs.sqlite: 2152857621
JavaScript error: resource://gre/modules/Sqlite.jsm, line 1080: NS_ERROR_FILE_ACCESS_DENIED: Could not open connection to C:\Users\TekkenKing789\AppData\Local\Temp\rust_mozprofileUhvIAf\content-prefs.sqlite: 2152857621
JavaScript error: resource:///modules/WindowsJumpLists.jsm, line 468: NS_ERROR_UNEXPECTED: Component returned failure code: 0x8000ffff (NS_ERROR_UNEXPECTED) [nsINavHistoryService.asyncExecuteLegacyQuery]
JavaScript error: , line 0: uncaught exception: Object
JavaScript error: , line 0: uncaught exception: Object
JavaScript error: , line 0: uncaught exception: Object
JavaScript error: , line 0: uncaught exception: Object
JavaScript error: , line 0: uncaught exception: Object
JavaScript error: , line 0: uncaught exception: Object
JavaScript error: , line 0: uncaught exception: Object
JavaScript error: , line 0: uncaught exception: Object
JavaScript error: , line 0: uncaught exception: Object
JavaScript error: , line 0: uncaught exception: Object
JavaScript error: , line 0: uncaught exception: Object
JavaScript error: , line 0: uncaught exception: Object
JavaScript error: , line 0: uncaught exception: Object
JavaScript error: , line 0: uncaught exception: Object
JavaScript error: , line 0: uncaught exception: Object
JavaScript error: , line 0: uncaught exception: Object
JavaScript error: , line 0: uncaught exception: Object
JavaScript error: , line 0: uncaught exception: Object
JavaScript error: , line 0: uncaught exception: Object
JavaScript error: , line 0: uncaught exception: Object
JavaScript error: , line 0: uncaught exception: Object
JavaScript error: , line 0: uncaught exception: Object
JavaScript error: , line 0: uncaught exception: Object
JavaScript error: resource:///modules/WindowsJumpLists.jsm, line 468: NS_ERROR_UNEXPECTED: Component returned failure code: 0x8000ffff (NS_ERROR_UNEXPECTED) [nsINavHistoryService.asyncExecuteLegacyQuery]
JavaScript error: resource://gre/modules/NewTabUtils.jsm, line 1388: TypeError: conn is undefined
JavaScript error: resource://gre/modules/PlacesUtils.jsm, line 1955: NS_ERROR_UNEXPECTED: Component returned failure code: 0x8000ffff (NS_ERROR_UNEXPECTED) [nsINavBookmarksService.tagsFolder]
JavaScript error: resource:///modules/WindowsJumpLists.jsm, line 468: NS_ERROR_UNEXPECTED: Component returned failure code: 0x8000ffff (NS_ERROR_UNEXPECTED) [nsINavHistoryService.asyncExecuteLegacyQuery]
JavaScript error: resource:///modules/WindowsJumpLists.jsm, line 468: NS_ERROR_UNEXPECTED: Component returned failure code: 0x8000ffff (NS_ERROR_UNEXPECTED) [nsINavHistoryService.asyncExecuteLegacyQuery]
JavaScript error: resource://gre/modules/PlacesExpiration.jsm, line 851: TypeError: this._db is undefined
JavaScript error: resource://gre/modules/PlacesUtils.jsm, line 1955: NS_ERROR_UNEXPECTED: Component returned failure code: 0x8000ffff (NS_ERROR_UNEXPECTED) [nsINavBookmarksService.tagsFolder]
JavaScript error: resource:///modules/WindowsJumpLists.jsm, line 468: NS_ERROR_UNEXPECTED: Component returned failure code: 0x8000ffff (NS_ERROR_UNEXPECTED) [nsINavHistoryService.asyncExecuteLegacyQuery]
1578848312502	addons.xpi-utils	WARN	Failed to save XPI database: {"operation":"write","path":"C:\\Users\\TekkenKing789\\AppData\\Local\\Temp\\rust_mozprofileUhvIAf\\extensions.json","winLastError":112}
JavaScript error: resource://gre/modules/Sqlite.jsm, line 1080: NS_ERROR_FILE_ACCESS_DENIED: Could not open connection to C:\Users\TekkenKing789\AppData\Local\Temp\rust_mozprofileUhvIAf\content-prefs.sqlite: 2152857621
JavaScript error: resource://gre/modules/Sqlite.jsm, line 1080: NS_ERROR_FILE_ACCESS_DENIED: Could not open connection to C:\Users\TekkenKing789\AppData\Local\Temp\rust_mozprofileUhvIAf\content-prefs.sqlite: 2152857621
JavaScript error: resource://gre/modules/NewTabUtils.jsm, line 1388: TypeError: conn is undefined
JavaScript error: , line 0: uncaught exception: Object
JavaScript error: , line 0: uncaught exception: Object
JavaScript error: , line 0: uncaught exception: Object
JavaScript error: , line 0: uncaught exception: Object
JavaScript error: , line 0: uncaught exception: Object
JavaScript error: , line 0: uncaught exception: Object
JavaScript error: , line 0: uncaught exception: Object
JavaScript error: , line 0: uncaught exception: Object
JavaScript error: , line 0: uncaught exception: Object
JavaScript error: , line 0: uncaught exception: Object
JavaScript error: , line 0: uncaught exception: Object
JavaScript error: , line 0: uncaught exception: Object
JavaScript error: , line 0: uncaught exception: Object
JavaScript error: , line 0: uncaught exception: Object
JavaScript error: , line 0: uncaught exception: Object
JavaScript error: , line 0: uncaught exception: Object
JavaScript error: , line 0: uncaught exception: Object
JavaScript error: , line 0: uncaught exception: Object
JavaScript error: , line 0: uncaught exception: Object
JavaScript error: , line 0: uncaught exception: Object
JavaScript error: , line 0: uncaught exception: Object
JavaScript error: , line 0: uncaught exception: Object
JavaScript error: , line 0: uncaught exception: Object
JavaScript error: , line 0: uncaught exception: Object
JavaScript error: , line 0: uncaught exception: Object
JavaScript error: , line 0: uncaught exception: Object
JavaScript error: resource://gre/modules/Sqlite.jsm, line 1080: NS_ERROR_FILE_ACCESS_DENIED: Could not open connection to C:\Users\TekkenKing789\AppData\Local\Temp\rust_mozprofileUhvIAf\content-prefs.sqlite: 2152857621
JavaScript error: , line 0: uncaught exception: Object
JavaScript error: , line 0: uncaught exception: Object
JavaScript error: , line 0: uncaught exception: Object
JavaScript error: , line 0: uncaught exception: Object
JavaScript error: , line 0: uncaught exception: Object
JavaScript error: , line 0: uncaught exception: Object
JavaScript error: , line 0: uncaught exception: Object
JavaScript error: , line 0: uncaught exception: Object
JavaScript error: , line 0: uncaught exception: Object
JavaScript error: , line 0: uncaught exception: Object
JavaScript error: , line 0: uncaught exception: Object
JavaScript error: , line 0: uncaught exception: Object
JavaScript error: , line 0: uncaught exception: Object
JavaScript error: , line 0: uncaught exception: Object
JavaScript error: , line 0: uncaught exception: Object
console.error: "Could not write session state file " (new Error("", "(unknown module)")) ""
JavaScript error: , line 0: uncaught exception: Object
JavaScript error: , line 0: uncaught exception: Object
JavaScript error: , line 0: uncaught exception: Object
JavaScript error: , line 0: uncaught exception: Object
JavaScript error: , line 0: uncaught exception: Object
JavaScript error: , line 0: uncaught exception: Object
JavaScript error: , line 0: uncaught exception: Object
JavaScript error: , line 0: uncaught exception: Object
JavaScript error: , line 0: uncaught exception: Object
JavaScript error: resource:///modules/WindowsJumpLists.jsm, line 468: NS_ERROR_UNEXPECTED: Component returned failure code: 0x8000ffff (NS_ERROR_UNEXPECTED) [nsINavHistoryService.asyncExecuteLegacyQuery]
console.error: "Could not write session state file " (new Error("", "(unknown module)")) ""
console.error: "Could not write session state file " (new Error("", "(unknown module)")) ""
1578848426514	addons.xpi-utils	WARN	Failed to save XPI database: {"operation":"write","path":"C:\\Users\\TekkenKing789\\AppData\\Local\\Temp\\rust_mozprofileUhvIAf\\extensions.json","winLastError":112}
JavaScript error: resource://gre/modules/Sqlite.jsm, line 1080: NS_ERROR_FILE_ACCESS_DENIED: Could not open connection to C:\Users\TekkenKing789\AppData\Local\Temp\rust_mozprofileUhvIAf\content-prefs.sqlite: 2152857621
JavaScript error: resource://gre/modules/Sqlite.jsm, line 1080: NS_ERROR_FILE_ACCESS_DENIED: Could not open connection to C:\Users\TekkenKing789\AppData\Local\Temp\rust_mozprofileUhvIAf\content-prefs.sqlite: 2152857621
JavaScript error: , line 0: uncaught exception: Object
JavaScript error: , line 0: uncaught exception: Object
JavaScript error: , line 0: uncaught exception: Object
JavaScript error: , line 0: uncaught exception: Object
JavaScript error: , line 0: uncaught exception: Object
JavaScript error: , line 0: uncaught exception: Object
JavaScript error: , line 0: uncaught exception: Object
JavaScript error: resource://gre/modules/Sqlite.jsm, line 1080: NS_ERROR_FILE_ACCESS_DENIED: Could not open connection to C:\Users\TekkenKing789\AppData\Local\Temp\rust_mozprofileUhvIAf\content-prefs.sqlite: 2152857621
JavaScript error: resource://gre/modules/Sqlite.jsm, line 1080: NS_ERROR_FILE_ACCESS_DENIED: Could not open connection to C:\Users\TekkenKing789\AppData\Local\Temp\rust_mozprofileUhvIAf\content-prefs.sqlite: 2152857621
JavaScript error: resource:///modules/WindowsJumpLists.jsm, line 468: NS_ERROR_UNEXPECTED: Component returned failure code: 0x8000ffff (NS_ERROR_UNEXPECTED) [nsINavHistoryService.asyncExecuteLegacyQuery]
JavaScript error: resource://gre/modules/PlacesUtils.jsm, line 1955: NS_ERROR_UNEXPECTED: Component returned failure code: 0x8000ffff (NS_ERROR_UNEXPECTED) [nsINavBookmarksService.tagsFolder]
JavaScript error: resource:///modules/WindowsJumpLists.jsm, line 468: NS_ERROR_UNEXPECTED: Component returned failure code: 0x8000ffff (NS_ERROR_UNEXPECTED) [nsINavHistoryService.asyncExecuteLegacyQuery]
JavaScript error: resource://gre/modules/Sqlite.jsm, line 889: Error: Error(s) encountered during statement execution: database or disk is full
JavaScript error: resource://gre/modules/Sqlite.jsm, line 1080: NS_ERROR_FILE_ACCESS_DENIED: Could not open connection to C:\Users\TekkenKing789\AppData\Local\Temp\rust_mozprofileUhvIAf\content-prefs.sqlite: 2152857621
JavaScript error: resource://gre/modules/NewTabUtils.jsm, line 1388: TypeError: conn is undefined
JavaScript error: resource://gre/modules/Sqlite.jsm, line 1080: NS_ERROR_FILE_ACCESS_DENIED: Could not open connection to C:\Users\TekkenKing789\AppData\Local\Temp\rust_mozprofileUhvIAf\content-prefs.sqlite: 2152857621
JavaScript error: , line 0: uncaught exception: Object
JavaScript error: resource://gre/modules/PlacesExpiration.jsm, line 851: TypeError: this._db is undefined
JavaScript error: resource:///modules/WindowsJumpLists.jsm, line 468: NS_ERROR_UNEXPECTED: Component returned failure code: 0x8000ffff (NS_ERROR_UNEXPECTED) [nsINavHistoryService.asyncExecuteLegacyQuery]
JavaScript error: , line 0: uncaught exception: Object
JavaScript error: , line 0: uncaught exception: Object
JavaScript error: resource://gre/modules/NewTabUtils.jsm, line 1388: TypeError: conn is undefined
JavaScript error: , line 0: uncaught exception: Object
JavaScript error: resource://gre/modules/PlacesUtils.jsm, line 1955: NS_ERROR_UNEXPECTED: Component returned failure code: 0x8000ffff (NS_ERROR_UNEXPECTED) [nsINavBookmarksService.tagsFolder]
JavaScript error: resource:///modules/WindowsJumpLists.jsm, line 468: NS_ERROR_UNEXPECTED: Component returned failure code: 0x8000ffff (NS_ERROR_UNEXPECTED) [nsINavHistoryService.asyncExecuteLegacyQuery]
JavaScript error: resource://gre/modules/Sqlite.jsm, line 1080: NS_ERROR_FILE_ACCESS_DENIED: Could not open connection to C:\Users\TekkenKing789\AppData\Local\Temp\rust_mozprofileUhvIAf\content-prefs.sqlite: 2152857621
JavaScript error: resource://gre/modules/NewTabUtils.jsm, line 1388: TypeError: conn is undefined
JavaScript error: resource://gre/modules/Sqlite.jsm, line 1080: NS_ERROR_FILE_ACCESS_DENIED: Could not open connection to C:\Users\TekkenKing789\AppData\Local\Temp\rust_mozprofileUhvIAf\content-prefs.sqlite: 2152857621
JavaScript error: , line 0: QuotaExceededError: The current transaction exceeded its quota limitations.
1578848957995	addons.xpi-utils	WARN	Error: XPI database modified after shutdown began(resource://gre/modules/addons/XPIDatabase.jsm:1478:17) JS Stack trace: saveChanges@XPIDatabase.jsm:1478:17
shutdown@XPIDatabase.jsm:1754:14
shutdown@XPIProvider.jsm:2630:23
_startProvider/AMProviderShutdown/<@AddonManager.jsm:673:29
AMProviderShutdown@AddonManager.jsm:671:16
trigger@AsyncShutdown.jsm:725:23
_wait@AsyncShutdown.jsm:877:15
wait@AsyncShutdown.jsm:858:34
shutdownManager@AddonManager.jsm:1138:37
observe@AsyncShutdown.jsm:551:16
1578848958010	addons.xpi-utils	WARN	Failed to save XPI database: {"operation":"write","path":"C:\\Users\\TekkenKing789\\AppData\\Local\\Temp\\rust_mozprofileUhvIAf\\extensions.json","winLastError":112}
1578848958171	Marionette	INFO	Stopped listening on port 63316

###!!! [Child][RunMessage] Error: Channel closing: too late to send/recv, messages will be lost


###!!! [Child][MessageChannel::SendAndWait] Error: Channel error: cannot send/recv

1578849019207	mozrunner::runner	INFO	Running command: "C:\\Program Files\\Mozilla Firefox\\firefox.exe" "-marionette" "-foreground" "-no-remote" "-profile" "C:\\Users\\TEKKEN~1\\AppData\\Local\\Temp\\rust_mozprofilexmHYjM"
1578849021352	addons.webextension.doh-rollout@mozilla.org	WARN	Loading extension 'doh-rollout@mozilla.org': Reading manifest: Invalid extension permission: networkStatus
1578849021738	addons.webextension.screenshots@mozilla.org	WARN	Loading extension 'screenshots@mozilla.org': Reading manifest: Invalid extension permission: mozillaAddons
1578849021738	addons.webextension.screenshots@mozilla.org	WARN	Loading extension 'screenshots@mozilla.org': Reading manifest: Invalid extension permission: telemetry
1578849021739	addons.webextension.screenshots@mozilla.org	WARN	Loading extension 'screenshots@mozilla.org': Reading manifest: Invalid extension permission: resource://pdf.js/
1578849021739	addons.webextension.screenshots@mozilla.org	WARN	Loading extension 'screenshots@mozilla.org': Reading manifest: Invalid extension permission: about:reader*
JavaScript error: , line 0: QuotaExceededError: The current transaction exceeded its quota limitations.
JavaScript error: , line 0: QuotaExceededError: The current transaction exceeded its quota limitations.
console.error: PushService: 
  stateChangeProcessEnqueue: Error transitioning state
  UnknownError
1578849030667	addons.xpi-utils	WARN	Failed to save XPI database: {"operation":"write","path":"C:\\Users\\TekkenKing789\\AppData\\Local\\Temp\\rust_mozprofilexmHYjM\\extensions.json","winLastError":112}
console.error: (new Error("Error(s) encountered during statement execution: database or disk is full", "resource://gre/modules/Sqlite.jsm", 889))
JavaScript error: resource://gre/modules/Sqlite.jsm, line 889: Error: Error(s) encountered during statement execution: database or disk is full
JavaScript error: resource://gre/modules/PlacesUtils.jsm, line 1955: NS_ERROR_UNEXPECTED: Component returned failure code: 0x8000ffff (NS_ERROR_UNEXPECTED) [nsINavBookmarksService.tagsFolder]
JavaScript error: resource://gre/modules/PlacesUtils.jsm, line 1955: NS_ERROR_UNEXPECTED: Component returned failure code: 0x8000ffff (NS_ERROR_UNEXPECTED) [nsINavBookmarksService.tagsFolder]
JavaScript error: resource://gre/modules/XULStore.jsm, line 66: Error: Can't find profile directory.
JavaScript error: resource://gre/modules/ExtensionUtils.jsm, line 0: Error: QuotaExceededError: storage.local API call exceeded its quota limitations.
[Child 10744, MediaPDecoder #1] WARNING: Stream 1f3f604a988 ReadCacheFile failed, rv=NS_ERROR_FAILURE: file z:/task_1578433236/build/src/dom/media/MediaCache.cpp, line 2469
[Child 10744, MediaPDecoder #1] WARNING: Stream 1f3f604a988 ReadCacheFile failed, rv=NS_ERROR_FAILURE: file z:/task_1578433236/build/src/dom/media/MediaCache.cpp, line 2469
[Child 10744, MediaDecoderStateMachine #1] WARNING: Decoder=1f3f6077400 state=DECODING_METADATA Decode metadata failed, shutting down decoder: file z:/task_1578433236/build/src/dom/media/MediaDecoderStateMachine.cpp, line 354
[Child 10744, MediaDecoderStateMachine #1] WARNING: Decoder=1f3f6077400 Decode error: NS_ERROR_DOM_MEDIA_METADATA_ERR (0x806e0006) - static MP4Metadata::ResultAndByteBuffer __cdecl mozilla::MP4Metadata::Metadata(mozilla::ByteStream *): Cannot parse metadata: file z:/task_1578433236/build/src/dom/media/MediaDecoderStateMachine.cpp, line 3337
JavaScript error: resource://gre/modules/NewTabUtils.jsm, line 1388: TypeError: conn is undefined
1578849033013	Marionette	INFO	Listening on port 63688
1578849033353	Marionette	WARN	TLS certificate errors will be ignored for this session
JavaScript error: resource://gre/modules/Sqlite.jsm, line 889: Error: Error(s) encountered during statement execution: database or disk is full
JavaScript error: resource://gre/modules/Sqlite.jsm, line 889: Error: Error(s) encountered during statement execution: database or disk is full
JavaScript error: resource://gre/modules/NewTabUtils.jsm, line 1388: TypeError: conn is undefined
JavaScript error: , line 0: uncaught exception: Object
JavaScript error: resource:///modules/WindowsJumpLists.jsm, line 468: NS_ERROR_UNEXPECTED: Component returned failure code: 0x8000ffff (NS_ERROR_UNEXPECTED) [nsINavHistoryService.asyncExecuteLegacyQuery]
JavaScript error: resource:///modules/WindowsJumpLists.jsm, line 468: NS_ERROR_UNEXPECTED: Component returned failure code: 0x8000ffff (NS_ERROR_UNEXPECTED) [nsINavHistoryService.asyncExecuteLegacyQuery]
JavaScript error: resource://gre/modules/PlacesUtils.jsm, line 1955: NS_ERROR_UNEXPECTED: Component returned failure code: 0x8000ffff (NS_ERROR_UNEXPECTED) [nsINavBookmarksService.placesRoot]
JavaScript error: , line 0: uncaught exception: Object
console.error: (new Error("Error(s) encountered during statement execution: database or disk is full", "resource://gre/modules/Sqlite.jsm", 889))
JavaScript error: resource://gre/modules/Sqlite.jsm, line 889: Error: Error(s) encountered during statement execution: database or disk is full
JavaScript error: resource://gre/modules/PlacesUtils.jsm, line 1955: NS_ERROR_UNEXPECTED: Component returned failure code: 0x8000ffff (NS_ERROR_UNEXPECTED) [nsINavBookmarksService.tagsFolder]
JavaScript error: resource:///modules/WindowsJumpLists.jsm, line 468: NS_ERROR_UNEXPECTED: Component returned failure code: 0x8000ffff (NS_ERROR_UNEXPECTED) [nsINavHistoryService.asyncExecuteLegacyQuery]
JavaScript error: resource:///modules/WindowsJumpLists.jsm, line 468: NS_ERROR_UNEXPECTED: Component returned failure code: 0x8000ffff (NS_ERROR_UNEXPECTED) [nsINavHistoryService.asyncExecuteLegacyQuery]
JavaScript error: resource://gre/modules/PlacesExpiration.jsm, line 851: TypeError: this._db is undefined
JavaScript error: resource://gre/modules/PlacesUtils.jsm, line 1955: NS_ERROR_UNEXPECTED: Component returned failure code: 0x8000ffff (NS_ERROR_UNEXPECTED) [nsINavBookmarksService.tagsFolder]
JavaScript error: resource:///modules/WindowsJumpLists.jsm, line 468: NS_ERROR_UNEXPECTED: Component returned failure code: 0x8000ffff (NS_ERROR_UNEXPECTED) [nsINavHistoryService.asyncExecuteLegacyQuery]
JavaScript error: resource:///modules/WindowsJumpLists.jsm, line 468: NS_ERROR_UNEXPECTED: Component returned failure code: 0x8000ffff (NS_ERROR_UNEXPECTED) [nsINavHistoryService.asyncExecuteLegacyQuery]
1578849772531	addons.xpi-utils	WARN	Failed to save XPI database: {"operation":"write","path":"C:\\Users\\TekkenKing789\\AppData\\Local\\Temp\\rust_mozprofilexmHYjM\\extensions.json","winLastError":112}
JavaScript error: resource:///modules/WindowsJumpLists.jsm, line 468: NS_ERROR_UNEXPECTED: Component returned failure code: 0x8000ffff (NS_ERROR_UNEXPECTED) [nsINavHistoryService.asyncExecuteLegacyQuery]
JavaScript error: resource://gre/modules/PlacesUtils.jsm, line 1955: NS_ERROR_UNEXPECTED: Component returned failure code: 0x8000ffff (NS_ERROR_UNEXPECTED) [nsINavBookmarksService.tagsFolder]
JavaScript error: resource:///modules/WindowsJumpLists.jsm, line 468: NS_ERROR_UNEXPECTED: Component returned failure code: 0x8000ffff (NS_ERROR_UNEXPECTED) [nsINavHistoryService.asyncExecuteLegacyQuery]
JavaScript error: resource://gre/modules/PlacesExpiration.jsm, line 851: TypeError: this._db is undefined
JavaScript error: resource:///modules/WindowsJumpLists.jsm, line 468: NS_ERROR_UNEXPECTED: Component returned failure code: 0x8000ffff (NS_ERROR_UNEXPECTED) [nsINavHistoryService.asyncExecuteLegacyQuery]
JavaScript error: resource://gre/modules/PlacesUtils.jsm, line 1955: NS_ERROR_UNEXPECTED: Component returned failure code: 0x8000ffff (NS_ERROR_UNEXPECTED) [nsINavBookmarksService.tagsFolder]
JavaScript error: resource:///modules/WindowsJumpLists.jsm, line 468: NS_ERROR_UNEXPECTED: Component returned failure code: 0x8000ffff (NS_ERROR_UNEXPECTED) [nsINavHistoryService.asyncExecuteLegacyQuery]
JavaScript error: resource:///modules/WindowsJumpLists.jsm, line 468: NS_ERROR_UNEXPECTED: Component returned failure code: 0x8000ffff (NS_ERROR_UNEXPECTED) [nsINavHistoryService.asyncExecuteLegacyQuery]
JavaScript error: resource:///modules/WindowsJumpLists.jsm, line 468: NS_ERROR_UNEXPECTED: Component returned failure code: 0x8000ffff (NS_ERROR_UNEXPECTED) [nsINavHistoryService.asyncExecuteLegacyQuery]
JavaScript error: resource://gre/modules/PlacesUtils.jsm, line 1955: NS_ERROR_UNEXPECTED: Component returned failure code: 0x8000ffff (NS_ERROR_UNEXPECTED) [nsINavBookmarksService.tagsFolder]
JavaScript error: resource:///modules/WindowsJumpLists.jsm, line 468: NS_ERROR_UNEXPECTED: Component returned failure code: 0x8000ffff (NS_ERROR_UNEXPECTED) [nsINavHistoryService.asyncExecuteLegacyQuery]
JavaScript error: resource://gre/modules/PlacesExpiration.jsm, line 851: TypeError: this._db is undefined
JavaScript error: resource:///modules/WindowsJumpLists.jsm, line 468: NS_ERROR_UNEXPECTED: Component returned failure code: 0x8000ffff (NS_ERROR_UNEXPECTED) [nsINavHistoryService.asyncExecuteLegacyQuery]
JavaScript error: resource://gre/modules/PlacesUtils.jsm, line 1955: NS_ERROR_UNEXPECTED: Component returned failure code: 0x8000ffff (NS_ERROR_UNEXPECTED) [nsINavBookmarksService.tagsFolder]
JavaScript error: resource:///modules/WindowsJumpLists.jsm, line 468: NS_ERROR_UNEXPECTED: Component returned failure code: 0x8000ffff (NS_ERROR_UNEXPECTED) [nsINavHistoryService.asyncExecuteLegacyQuery]
JavaScript error: resource://gre/modules/PlacesUtils.jsm, line 1955: NS_ERROR_UNEXPECTED: Component returned failure code: 0x8000ffff (NS_ERROR_UNEXPECTED) [nsINavBookmarksService.tagsFolder]
JavaScript error: resource:///modules/WindowsJumpLists.jsm, line 468: NS_ERROR_UNEXPECTED: Component returned failure code: 0x8000ffff (NS_ERROR_UNEXPECTED) [nsINavHistoryService.asyncExecuteLegacyQuery]
JavaScript error: resource://gre/modules/PlacesExpiration.jsm, line 851: TypeError: this._db is undefined
JavaScript error: resource:///modules/WindowsJumpLists.jsm, line 468: NS_ERROR_UNEXPECTED: Component returned failure code: 0x8000ffff (NS_ERROR_UNEXPECTED) [nsINavHistoryService.asyncExecuteLegacyQuery]
JavaScript error: resource:///modules/WindowsJumpLists.jsm, line 468: NS_ERROR_UNEXPECTED: Component returned failure code: 0x8000ffff (NS_ERROR_UNEXPECTED) [nsINavHistoryService.asyncExecuteLegacyQuery]
JavaScript error: resource://gre/modules/PlacesUtils.jsm, line 1955: NS_ERROR_UNEXPECTED: Component returned failure code: 0x8000ffff (NS_ERROR_UNEXPECTED) [nsINavBookmarksService.tagsFolder]
JavaScript error: resource:///modules/WindowsJumpLists.jsm, line 468: NS_ERROR_UNEXPECTED: Component returned failure code: 0x8000ffff (NS_ERROR_UNEXPECTED) [nsINavHistoryService.asyncExecuteLegacyQuery]
JavaScript error: resource:///modules/WindowsJumpLists.jsm, line 468: NS_ERROR_UNEXPECTED: Component returned failure code: 0x8000ffff (NS_ERROR_UNEXPECTED) [nsINavHistoryService.asyncExecuteLegacyQuery]
JavaScript error: resource://gre/modules/PlacesUtils.jsm, line 1955: NS_ERROR_UNEXPECTED: Component returned failure code: 0x8000ffff (NS_ERROR_UNEXPECTED) [nsINavBookmarksService.tagsFolder]
JavaScript error: resource://gre/modules/PlacesExpiration.jsm, line 851: TypeError: this._db is undefined
JavaScript error: resource:///modules/WindowsJumpLists.jsm, line 468: NS_ERROR_UNEXPECTED: Component returned failure code: 0x8000ffff (NS_ERROR_UNEXPECTED) [nsINavHistoryService.asyncExecuteLegacyQuery]
JavaScript error: resource:///modules/WindowsJumpLists.jsm, line 468: NS_ERROR_UNEXPECTED: Component returned failure code: 0x8000ffff (NS_ERROR_UNEXPECTED) [nsINavHistoryService.asyncExecuteLegacyQuery]
JavaScript error: resource:///modules/WindowsJumpLists.jsm, line 468: NS_ERROR_UNEXPECTED: Component returned failure code: 0x8000ffff (NS_ERROR_UNEXPECTED) [nsINavHistoryService.asyncExecuteLegacyQuery]
JavaScript error: resource://gre/modules/PlacesUtils.jsm, line 1955: NS_ERROR_UNEXPECTED: Component returned failure code: 0x8000ffff (NS_ERROR_UNEXPECTED) [nsINavBookmarksService.tagsFolder]
JavaScript error: resource:///modules/WindowsJumpLists.jsm, line 468: NS_ERROR_UNEXPECTED: Component returned failure code: 0x8000ffff (NS_ERROR_UNEXPECTED) [nsINavHistoryService.asyncExecuteLegacyQuery]
JavaScript error: resource:///modules/WindowsJumpLists.jsm, line 468: NS_ERROR_UNEXPECTED: Component returned failure code: 0x8000ffff (NS_ERROR_UNEXPECTED) [nsINavHistoryService.asyncExecuteLegacyQuery]
JavaScript error: resource://gre/modules/PlacesExpiration.jsm, line 851: TypeError: this._db is undefined
JavaScript error: resource://gre/modules/PlacesUtils.jsm, line 1955: NS_ERROR_UNEXPECTED: Component returned failure code: 0x8000ffff (NS_ERROR_UNEXPECTED) [nsINavBookmarksService.tagsFolder]
JavaScript error: resource:///modules/WindowsJumpLists.jsm, line 468: NS_ERROR_UNEXPECTED: Component returned failure code: 0x8000ffff (NS_ERROR_UNEXPECTED) [nsINavHistoryService.asyncExecuteLegacyQuery]
JavaScript error: resource:///modules/WindowsJumpLists.jsm, line 468: NS_ERROR_UNEXPECTED: Component returned failure code: 0x8000ffff (NS_ERROR_UNEXPECTED) [nsINavHistoryService.asyncExecuteLegacyQuery]
JavaScript error: resource:///modules/WindowsJumpLists.jsm, line 468: NS_ERROR_UNEXPECTED: Component returned failure code: 0x8000ffff (NS_ERROR_UNEXPECTED) [nsINavHistoryService.asyncExecuteLegacyQuery]
JavaScript error: resource://gre/modules/PlacesUtils.jsm, line 1955: NS_ERROR_UNEXPECTED: Component returned failure code: 0x8000ffff (NS_ERROR_UNEXPECTED) [nsINavBookmarksService.tagsFolder]
JavaScript error: resource://gre/modules/PlacesExpiration.jsm, line 851: TypeError: this._db is undefined
JavaScript error: resource:///modules/WindowsJumpLists.jsm, line 468: NS_ERROR_UNEXPECTED: Component returned failure code: 0x8000ffff (NS_ERROR_UNEXPECTED) [nsINavHistoryService.asyncExecuteLegacyQuery]
JavaScript error: resource://gre/modules/PlacesUtils.jsm, line 1955: NS_ERROR_UNEXPECTED: Component returned failure code: 0x8000ffff (NS_ERROR_UNEXPECTED) [nsINavBookmarksService.tagsFolder]
JavaScript error: resource:///modules/WindowsJumpLists.jsm, line 468: NS_ERROR_UNEXPECTED: Component returned failure code: 0x8000ffff (NS_ERROR_UNEXPECTED) [nsINavHistoryService.asyncExecuteLegacyQuery]
JavaScript error: resource:///modules/WindowsJumpLists.jsm, line 468: NS_ERROR_UNEXPECTED: Component returned failure code: 0x8000ffff (NS_ERROR_UNEXPECTED) [nsINavHistoryService.asyncExecuteLegacyQuery]
JavaScript error: resource:///modules/WindowsJumpLists.jsm, line 468: NS_ERROR_UNEXPECTED: Component returned failure code: 0x8000ffff (NS_ERROR_UNEXPECTED) [nsINavHistoryService.asyncExecuteLegacyQuery]
JavaScript error: resource://gre/modules/PlacesUtils.jsm, line 1955: NS_ERROR_UNEXPECTED: Component returned failure code: 0x8000ffff (NS_ERROR_UNEXPECTED) [nsINavBookmarksService.tagsFolder]
JavaScript error: resource:///modules/WindowsJumpLists.jsm, line 468: NS_ERROR_UNEXPECTED: Component returned failure code: 0x8000ffff (NS_ERROR_UNEXPECTED) [nsINavHistoryService.asyncExecuteLegacyQuery]
JavaScript error: resource://gre/modules/PlacesExpiration.jsm, line 851: TypeError: this._db is undefined
JavaScript error: resource:///modules/WindowsJumpLists.jsm, line 468: NS_ERROR_UNEXPECTED: Component returned failure code: 0x8000ffff (NS_ERROR_UNEXPECTED) [nsINavHistoryService.asyncExecuteLegacyQuery]
1578859367178	mozrunner::runner	INFO	Running command: "C:\\Program Files\\Mozilla Firefox\\firefox.exe" "-marionette" "-foreground" "-no-remote" "-profile" "C:\\Users\\TEKKEN~1\\AppData\\Local\\Temp\\rust_mozprofilelKtfKM"
1578859369958	addons.webextension.doh-rollout@mozilla.org	WARN	Loading extension 'doh-rollout@mozilla.org': Reading manifest: Invalid extension permission: networkStatus
1578859370355	addons.webextension.screenshots@mozilla.org	WARN	Loading extension 'screenshots@mozilla.org': Reading manifest: Invalid extension permission: mozillaAddons
1578859370355	addons.webextension.screenshots@mozilla.org	WARN	Loading extension 'screenshots@mozilla.org': Reading manifest: Invalid extension permission: telemetry
1578859370356	addons.webextension.screenshots@mozilla.org	WARN	Loading extension 'screenshots@mozilla.org': Reading manifest: Invalid extension permission: resource://pdf.js/
1578859370356	addons.webextension.screenshots@mozilla.org	WARN	Loading extension 'screenshots@mozilla.org': Reading manifest: Invalid extension permission: about:reader*
JavaScript error: resource://gre/modules/XULStore.jsm, line 66: Error: Can't find profile directory.
1578859378729	Marionette	INFO	Listening on port 64889
1578859378994	Marionette	WARN	TLS certificate errors will be ignored for this session
IPDL protocol error: Handler returned error code!

###!!! [Parent][DispatchAsyncMessage] Error: PLayerTransaction::Msg_ReleaseLayer Processing error: message was deserialized, but the handler returned false (indicating failure)

IPDL protocol error: Handler returned error code!

###!!! [Parent][DispatchAsyncMessage] Error: PLayerTransaction::Msg_ReleaseLayer Processing error: message was deserialized, but the handler returned false (indicating failure)

1578866602525	Marionette	INFO	Stopped listening on port 64889

###!!! [Child][RunMessage] Error: Channel closing: too late to send/recv, messages will be lost


###!!! [Child][MessageChannel::SendAndWait] Error: Channel error: cannot send/recv

1578866645614	mozrunner::runner	INFO	Running command: "C:\\Program Files\\Mozilla Firefox\\firefox.exe" "-marionette" "-foreground" "-no-remote" "-profile" "C:\\Users\\TEKKEN~1\\AppData\\Local\\Temp\\rust_mozprofile4uAjWy"
1578866647869	addons.webextension.doh-rollout@mozilla.org	WARN	Loading extension 'doh-rollout@mozilla.org': Reading manifest: Invalid extension permission: networkStatus
1578866648300	addons.webextension.screenshots@mozilla.org	WARN	Loading extension 'screenshots@mozilla.org': Reading manifest: Invalid extension permission: mozillaAddons
1578866648301	addons.webextension.screenshots@mozilla.org	WARN	Loading extension 'screenshots@mozilla.org': Reading manifest: Invalid extension permission: telemetry
1578866648301	addons.webextension.screenshots@mozilla.org	WARN	Loading extension 'screenshots@mozilla.org': Reading manifest: Invalid extension permission: resource://pdf.js/
1578866648302	addons.webextension.screenshots@mozilla.org	WARN	Loading extension 'screenshots@mozilla.org': Reading manifest: Invalid extension permission: about:reader*
JavaScript error: resource://gre/modules/XULStore.jsm, line 66: Error: Can't find profile directory.
1578866655852	Marionette	INFO	Listening on port 50117
1578866655893	Marionette	WARN	TLS certificate errors will be ignored for this session

###!!! [Child][RunMessage] Error: Channel closing: too late to send/recv, messages will be lost

1578866733947	Marionette	INFO	Stopped listening on port 50117

###!!! [Child][MessageChannel::SendAndWait] Error: Channel error: cannot send/recv

1578866888263	mozrunner::runner	INFO	Running command: "C:\\Program Files\\Mozilla Firefox\\firefox.exe" "-marionette" "-foreground" "-no-remote" "-profile" "C:\\Users\\TEKKEN~1\\AppData\\Local\\Temp\\rust_mozprofilepYiUlo"
1578866889311	addons.webextension.doh-rollout@mozilla.org	WARN	Loading extension 'doh-rollout@mozilla.org': Reading manifest: Invalid extension permission: networkStatus
1578866889669	addons.webextension.screenshots@mozilla.org	WARN	Loading extension 'screenshots@mozilla.org': Reading manifest: Invalid extension permission: mozillaAddons
1578866889669	addons.webextension.screenshots@mozilla.org	WARN	Loading extension 'screenshots@mozilla.org': Reading manifest: Invalid extension permission: telemetry
1578866889670	addons.webextension.screenshots@mozilla.org	WARN	Loading extension 'screenshots@mozilla.org': Reading manifest: Invalid extension permission: resource://pdf.js/
1578866889670	addons.webextension.screenshots@mozilla.org	WARN	Loading extension 'screenshots@mozilla.org': Reading manifest: Invalid extension permission: about:reader*
JavaScript error: resource://gre/modules/XULStore.jsm, line 66: Error: Can't find profile directory.
1578866896218	Marionette	INFO	Listening on port 50202
1578866896336	Marionette	WARN	TLS certificate errors will be ignored for this session
1578867721618	Marionette	INFO	Stopped listening on port 50202

###!!! [Child][RunMessage] Error: Channel closing: too late to send/recv, messages will be lost


###!!! [Child][MessageChannel::SendAndWait] Error: Channel error: cannot send/recv

sion.doh-rollout@mozilla.org	WARN	Loading extension 'doh-rollout@mozilla.org': Reading manifest: Invalid extension permission: networkStatus
1578867487248	addons.webextension.screenshots@mozilla.org	WARN	Loading extension 'screenshots@mozilla.org': Reading manifest: Invalid extension permission: mozillaAddons
1578867487248	addons.webextension.screenshots@mozilla.org	WARN	Loading extension 'screenshots@mozilla.org': Reading manifest: Invalid extension permission: telemetry
1578867487248	addons.webextension.screenshots@mozilla.org	WARN	Loading extension 'screenshots@mozilla.org': Reading manifest: Invalid extension permission: resource://pdf.js/
1578867487249	addons.webextension.screenshots@mozilla.org	WARN	Loading extension 'screenshots@mozilla.org': Reading manifest: Invalid extension permission: about:reader*
JavaScript error: resource://gre/modules/XULStore.jsm, line 66: Error: Can't find profile directory.
1578867496838	Marionette	INFO	Listening on port 50334
1578867497193	Marionette	WARN	TLS certificate errors will be ignored for this session
1578868121920	addons.xpi-utils	WARN	Failed to save XPI database: {"operation":"write","path":"C:\\Users\\TekkenKing789\\AppData\\Local\\Temp\\rust_mozprofile3rUmKA\\extensions.json","winLastError":112}
1578868949819	addons.xpi-utils	WARN	Error: XPI database modified after shutdown began(resource://gre/modules/addons/XPIDatabase.jsm:1478:17) JS Stack trace: saveChanges@XPIDatabase.jsm:1478:17
shutdown@XPIDatabase.jsm:1754:14
shutdown@XPIProvider.jsm:2630:23
_startProvider/AMProviderShutdown/<@AddonManager.jsm:673:29
AMProviderShutdown@AddonManager.jsm:671:16
trigger@AsyncShutdown.jsm:725:23
_wait@AsyncShutdown.jsm:877:15
wait@AsyncShutdown.jsm:858:34
shutdownManager@AddonManager.jsm:1138:37
observe@AsyncShutdown.jsm:551:16
1578868950288	Marionette	INFO	Stopped listening on port 50334

###!!! [Child][MessageChannel::SendAndWait] Error: Channel error: cannot send/recv

ce://pdf.js/
1578867934114	addons.webextension.screenshots@mozilla.org	WARN	Loading extension 'screenshots@mozilla.org': Reading manifest: Invalid extension permission: about:reader*
JavaScript error: resource://gre/modules/XULStore.jsm, line 66: Error: Can't find profile directory.
1578867941438	Marionette	INFO	Listening on port 50489
1578867941840	Marionette	WARN	TLS certificate errors will be ignored for this session
1578868951441	Marionette	INFO	Stopped listening on port 50489

###!!! [Child][MessageChannel::SendAndWait] Error: Channel error: cannot send/recv

